Warning[205] C:\USERS\GERRR\MPLABXPROJECTS\PRACTICA6_CONTADOR_7SEG.X\MULTIPLEXOR.ASM 1 : Found directive in column 1. (LIST)
Warning[207] C:\USERS\GERRR\MPLABXPROJECTS\PRACTICA6_CONTADOR_7SEG.X\MULTIPLEXOR.ASM 81 : Found label after column 1. (CONT)
Warning[207] C:\USERS\GERRR\MPLABXPROJECTS\PRACTICA6_CONTADOR_7SEG.X\MULTIPLEXOR.ASM 82 : Found label after column 1. (R_1M)
Warning[207] C:\USERS\GERRR\MPLABXPROJECTS\PRACTICA6_CONTADOR_7SEG.X\MULTIPLEXOR.ASM 83 : Found label after column 1. (R2_1M)
Warning[207] C:\USERS\GERRR\MPLABXPROJECTS\PRACTICA6_CONTADOR_7SEG.X\MULTIPLEXOR.ASM 93 : Found label after column 1. (TABLA)
Warning[207] C:\USERS\GERRR\MPLABXPROJECTS\PRACTICA6_CONTADOR_7SEG.X\MULTIPLEXOR.ASM 111 : Found label after column 1. (PREG_0)
Warning[207] C:\USERS\GERRR\MPLABXPROJECTS\PRACTICA6_CONTADOR_7SEG.X\MULTIPLEXOR.ASM 116 : Found label after column 1. (PREG_1)
Warning[207] C:\USERS\GERRR\MPLABXPROJECTS\PRACTICA6_CONTADOR_7SEG.X\MULTIPLEXOR.ASM 121 : Found label after column 1. (PREG_2)
Warning[207] C:\USERS\GERRR\MPLABXPROJECTS\PRACTICA6_CONTADOR_7SEG.X\MULTIPLEXOR.ASM 126 : Found label after column 1. (PREG_3)
Warning[207] C:\USERS\GERRR\MPLABXPROJECTS\PRACTICA6_CONTADOR_7SEG.X\MULTIPLEXOR.ASM 134 : Found label after column 1. (CONT_DE)
Warning[207] C:\USERS\GERRR\MPLABXPROJECTS\PRACTICA6_CONTADOR_7SEG.X\MULTIPLEXOR.ASM 135 : Found label after column 1. (INI_DEC)
Warning[207] C:\USERS\GERRR\MPLABXPROJECTS\PRACTICA6_CONTADOR_7SEG.X\MULTIPLEXOR.ASM 145 : Found label after column 1. (INC_DEC)
Warning[207] C:\USERS\GERRR\MPLABXPROJECTS\PRACTICA6_CONTADOR_7SEG.X\MULTIPLEXOR.ASM 154 : Found label after column 1. (CON_OCT)
Warning[207] C:\USERS\GERRR\MPLABXPROJECTS\PRACTICA6_CONTADOR_7SEG.X\MULTIPLEXOR.ASM 155 : Found label after column 1. (INI_OCT)
Warning[207] C:\USERS\GERRR\MPLABXPROJECTS\PRACTICA6_CONTADOR_7SEG.X\MULTIPLEXOR.ASM 165 : Found label after column 1. (INC_OCT)
Warning[207] C:\USERS\GERRR\MPLABXPROJECTS\PRACTICA6_CONTADOR_7SEG.X\MULTIPLEXOR.ASM 171 : Found label after column 1. (CON_HEX)
Warning[207] C:\USERS\GERRR\MPLABXPROJECTS\PRACTICA6_CONTADOR_7SEG.X\MULTIPLEXOR.ASM 173 : Found label after column 1. (SEGUIR)
Warning[207] C:\USERS\GERRR\MPLABXPROJECTS\PRACTICA6_CONTADOR_7SEG.X\MULTIPLEXOR.ASM 181 : Found label after column 1. (DEC_HEX)
Warning[207] C:\USERS\GERRR\MPLABXPROJECTS\PRACTICA6_CONTADOR_7SEG.X\MULTIPLEXOR.ASM 186 : Found label after column 1. (RET_1S)
Warning[202] C:\USERS\GERRR\MPLABXPROJECTS\PRACTICA6_CONTADOR_7SEG.X\MULTIPLEXOR.ASM 186 : Argument out of range.  Least significant bits used.
Warning[207] C:\USERS\GERRR\MPLABXPROJECTS\PRACTICA6_CONTADOR_7SEG.X\MULTIPLEXOR.ASM 188 : Found label after column 1. (BUCLE)
Warning[207] C:\USERS\GERRR\MPLABXPROJECTS\PRACTICA6_CONTADOR_7SEG.X\MULTIPLEXOR.ASM 192 : Found label after column 1. (RET_1M)
Warning[202] C:\USERS\GERRR\MPLABXPROJECTS\PRACTICA6_CONTADOR_7SEG.X\MULTIPLEXOR.ASM 192 : Argument out of range.  Least significant bits used.
Warning[207] C:\USERS\GERRR\MPLABXPROJECTS\PRACTICA6_CONTADOR_7SEG.X\MULTIPLEXOR.ASM 194 : Found label after column 1. (BUCLE2)
Warning[207] C:\USERS\GERRR\MPLABXPROJECTS\PRACTICA6_CONTADOR_7SEG.X\MULTIPLEXOR.ASM 200 : Found label after column 1. (RESET_P)
