Warning[205] C:\USERS\GERRR\MPLABXPROJECTS\PRACTICA0_OPERACIONES.X\SUMA.ASM 1 : Found directive in column 1. (LIST)
Warning[205] C:\USERS\GERRR\MPLABXPROJECTS\PRACTICA0_OPERACIONES.X\SUMA.ASM 3 : Found directive in column 1. (ORG)
Warning[203] C:\USERS\GERRR\MPLABXPROJECTS\PRACTICA0_OPERACIONES.X\SUMA.ASM 12 : Found opcode in column 1. (MOVLW)
Warning[203] C:\USERS\GERRR\MPLABXPROJECTS\PRACTICA0_OPERACIONES.X\SUMA.ASM 13 : Found opcode in column 1. (movwf)
Warning[203] C:\USERS\GERRR\MPLABXPROJECTS\PRACTICA0_OPERACIONES.X\SUMA.ASM 14 : Found opcode in column 1. (MOVLW)
Warning[203] C:\USERS\GERRR\MPLABXPROJECTS\PRACTICA0_OPERACIONES.X\SUMA.ASM 15 : Found opcode in column 1. (movwf)
Warning[203] C:\USERS\GERRR\MPLABXPROJECTS\PRACTICA0_OPERACIONES.X\SUMA.ASM 16 : Found opcode in column 1. (ADDWF)
Warning[203] C:\USERS\GERRR\MPLABXPROJECTS\PRACTICA0_OPERACIONES.X\SUMA.ASM 17 : Found opcode in column 1. (MOVWF)
Warning[203] C:\USERS\GERRR\MPLABXPROJECTS\PRACTICA0_OPERACIONES.X\SUMA.ASM 21 : Found opcode in column 1. (MOVLW)
Warning[203] C:\USERS\GERRR\MPLABXPROJECTS\PRACTICA0_OPERACIONES.X\SUMA.ASM 22 : Found opcode in column 1. (movwf)
Warning[203] C:\USERS\GERRR\MPLABXPROJECTS\PRACTICA0_OPERACIONES.X\SUMA.ASM 23 : Found opcode in column 1. (MOVLW)
Warning[203] C:\USERS\GERRR\MPLABXPROJECTS\PRACTICA0_OPERACIONES.X\SUMA.ASM 24 : Found opcode in column 1. (movwf)
Warning[203] C:\USERS\GERRR\MPLABXPROJECTS\PRACTICA0_OPERACIONES.X\SUMA.ASM 25 : Found opcode in column 1. (SUBWF)
Warning[203] C:\USERS\GERRR\MPLABXPROJECTS\PRACTICA0_OPERACIONES.X\SUMA.ASM 26 : Found opcode in column 1. (MOVWF)
Warning[203] C:\USERS\GERRR\MPLABXPROJECTS\PRACTICA0_OPERACIONES.X\SUMA.ASM 29 : Found opcode in column 1. (MOVLW)
Warning[203] C:\USERS\GERRR\MPLABXPROJECTS\PRACTICA0_OPERACIONES.X\SUMA.ASM 30 : Found opcode in column 1. (movwf)
Warning[203] C:\USERS\GERRR\MPLABXPROJECTS\PRACTICA0_OPERACIONES.X\SUMA.ASM 31 : Found opcode in column 1. (MOVLW)
Warning[203] C:\USERS\GERRR\MPLABXPROJECTS\PRACTICA0_OPERACIONES.X\SUMA.ASM 32 : Found opcode in column 1. (movwf)
Warning[203] C:\USERS\GERRR\MPLABXPROJECTS\PRACTICA0_OPERACIONES.X\SUMA.ASM 33 : Found opcode in column 1. (ANDWF)
Warning[203] C:\USERS\GERRR\MPLABXPROJECTS\PRACTICA0_OPERACIONES.X\SUMA.ASM 34 : Found opcode in column 1. (MOVWF)
Warning[203] C:\USERS\GERRR\MPLABXPROJECTS\PRACTICA0_OPERACIONES.X\SUMA.ASM 37 : Found opcode in column 1. (MOVLW)
Warning[203] C:\USERS\GERRR\MPLABXPROJECTS\PRACTICA0_OPERACIONES.X\SUMA.ASM 38 : Found opcode in column 1. (movwf)
Warning[203] C:\USERS\GERRR\MPLABXPROJECTS\PRACTICA0_OPERACIONES.X\SUMA.ASM 39 : Found opcode in column 1. (MOVLW)
Warning[203] C:\USERS\GERRR\MPLABXPROJECTS\PRACTICA0_OPERACIONES.X\SUMA.ASM 40 : Found opcode in column 1. (movwf)
Warning[203] C:\USERS\GERRR\MPLABXPROJECTS\PRACTICA0_OPERACIONES.X\SUMA.ASM 41 : Found opcode in column 1. (IORWF)
Warning[203] C:\USERS\GERRR\MPLABXPROJECTS\PRACTICA0_OPERACIONES.X\SUMA.ASM 42 : Found opcode in column 1. (MOVWF)
Warning[203] C:\USERS\GERRR\MPLABXPROJECTS\PRACTICA0_OPERACIONES.X\SUMA.ASM 45 : Found opcode in column 1. (MOVLW)
Warning[203] C:\USERS\GERRR\MPLABXPROJECTS\PRACTICA0_OPERACIONES.X\SUMA.ASM 46 : Found opcode in column 1. (movwf)
Warning[203] C:\USERS\GERRR\MPLABXPROJECTS\PRACTICA0_OPERACIONES.X\SUMA.ASM 47 : Found opcode in column 1. (MOVLW)
Warning[203] C:\USERS\GERRR\MPLABXPROJECTS\PRACTICA0_OPERACIONES.X\SUMA.ASM 48 : Found opcode in column 1. (movwf)
Warning[203] C:\USERS\GERRR\MPLABXPROJECTS\PRACTICA0_OPERACIONES.X\SUMA.ASM 49 : Found opcode in column 1. (XORWF)
Warning[203] C:\USERS\GERRR\MPLABXPROJECTS\PRACTICA0_OPERACIONES.X\SUMA.ASM 50 : Found opcode in column 1. (MOVWF)
Warning[205] C:\USERS\GERRR\MPLABXPROJECTS\PRACTICA0_OPERACIONES.X\SUMA.ASM 52 : Found directive in column 1. (END)
