Warning[205] C:\USERS\GERRR\MPLABXPROJECTS\SUMA.X\SUMA.ASM 1 : Found directive in column 1. (LIST)
Warning[205] C:\USERS\GERRR\MPLABXPROJECTS\SUMA.X\SUMA.ASM 3 : Found directive in column 1. (ORG)
Warning[203] C:\USERS\GERRR\MPLABXPROJECTS\SUMA.X\SUMA.ASM 22 : Found opcode in column 1. (MOVLW)
Warning[203] C:\USERS\GERRR\MPLABXPROJECTS\SUMA.X\SUMA.ASM 23 : Found opcode in column 1. (movwf)
Warning[203] C:\USERS\GERRR\MPLABXPROJECTS\SUMA.X\SUMA.ASM 24 : Found opcode in column 1. (MOVLW)
Warning[203] C:\USERS\GERRR\MPLABXPROJECTS\SUMA.X\SUMA.ASM 25 : Found opcode in column 1. (movwf)
Warning[203] C:\USERS\GERRR\MPLABXPROJECTS\SUMA.X\SUMA.ASM 26 : Found opcode in column 1. (ADDWF)
Warning[203] C:\USERS\GERRR\MPLABXPROJECTS\SUMA.X\SUMA.ASM 27 : Found opcode in column 1. (MOVWF)
Warning[203] C:\USERS\GERRR\MPLABXPROJECTS\SUMA.X\SUMA.ASM 31 : Found opcode in column 1. (MOVLW)
Warning[203] C:\USERS\GERRR\MPLABXPROJECTS\SUMA.X\SUMA.ASM 32 : Found opcode in column 1. (movwf)
Warning[203] C:\USERS\GERRR\MPLABXPROJECTS\SUMA.X\SUMA.ASM 33 : Found opcode in column 1. (MOVLW)
Warning[203] C:\USERS\GERRR\MPLABXPROJECTS\SUMA.X\SUMA.ASM 34 : Found opcode in column 1. (movwf)
Warning[203] C:\USERS\GERRR\MPLABXPROJECTS\SUMA.X\SUMA.ASM 35 : Found opcode in column 1. (SUBWF)
Warning[203] C:\USERS\GERRR\MPLABXPROJECTS\SUMA.X\SUMA.ASM 36 : Found opcode in column 1. (MOVWF)
Warning[203] C:\USERS\GERRR\MPLABXPROJECTS\SUMA.X\SUMA.ASM 39 : Found opcode in column 1. (MOVLW)
Warning[203] C:\USERS\GERRR\MPLABXPROJECTS\SUMA.X\SUMA.ASM 40 : Found opcode in column 1. (movwf)
Warning[203] C:\USERS\GERRR\MPLABXPROJECTS\SUMA.X\SUMA.ASM 41 : Found opcode in column 1. (MOVLW)
Warning[203] C:\USERS\GERRR\MPLABXPROJECTS\SUMA.X\SUMA.ASM 42 : Found opcode in column 1. (movwf)
Warning[203] C:\USERS\GERRR\MPLABXPROJECTS\SUMA.X\SUMA.ASM 43 : Found opcode in column 1. (ANDWF)
Warning[203] C:\USERS\GERRR\MPLABXPROJECTS\SUMA.X\SUMA.ASM 44 : Found opcode in column 1. (MOVWF)
Warning[203] C:\USERS\GERRR\MPLABXPROJECTS\SUMA.X\SUMA.ASM 47 : Found opcode in column 1. (MOVLW)
Warning[203] C:\USERS\GERRR\MPLABXPROJECTS\SUMA.X\SUMA.ASM 48 : Found opcode in column 1. (movwf)
Warning[203] C:\USERS\GERRR\MPLABXPROJECTS\SUMA.X\SUMA.ASM 49 : Found opcode in column 1. (MOVLW)
Warning[203] C:\USERS\GERRR\MPLABXPROJECTS\SUMA.X\SUMA.ASM 50 : Found opcode in column 1. (movwf)
Warning[203] C:\USERS\GERRR\MPLABXPROJECTS\SUMA.X\SUMA.ASM 51 : Found opcode in column 1. (IORWF)
Warning[203] C:\USERS\GERRR\MPLABXPROJECTS\SUMA.X\SUMA.ASM 52 : Found opcode in column 1. (MOVWF)
Warning[203] C:\USERS\GERRR\MPLABXPROJECTS\SUMA.X\SUMA.ASM 55 : Found opcode in column 1. (MOVLW)
Warning[203] C:\USERS\GERRR\MPLABXPROJECTS\SUMA.X\SUMA.ASM 56 : Found opcode in column 1. (movwf)
Warning[203] C:\USERS\GERRR\MPLABXPROJECTS\SUMA.X\SUMA.ASM 57 : Found opcode in column 1. (MOVLW)
Warning[203] C:\USERS\GERRR\MPLABXPROJECTS\SUMA.X\SUMA.ASM 58 : Found opcode in column 1. (movwf)
Warning[203] C:\USERS\GERRR\MPLABXPROJECTS\SUMA.X\SUMA.ASM 59 : Found opcode in column 1. (XORWF)
Warning[203] C:\USERS\GERRR\MPLABXPROJECTS\SUMA.X\SUMA.ASM 60 : Found opcode in column 1. (MOVWF)
Warning[205] C:\USERS\GERRR\MPLABXPROJECTS\SUMA.X\SUMA.ASM 62 : Found directive in column 1. (END)
